<?xml version="1.0" encoding="UTF-8"?>
<!-- Generated by org.testng.reporters.JUnitReportReporter -->
<testsuite hostname="DESKTOP-UJGAVL8" failures="0" tests="1" name="com.Onbuy.com_test_scripts.Test_Script_update_Bill" time="68.222" errors="0" timestamp="2023-07-05T10:23:06 IST" skipped="0">
  <testcase classname="com.Onbuy.com_test_scripts.Test_Script_update_Bill" name="update_bill_add" time="68.222"/>
  <system-out/>
</testsuite> <!-- com.Onbuy.com_test_scripts.Test_Script_update_Bill -->
