<?xml version="1.0" encoding="UTF-8"?>
<!-- Generated by org.testng.reporters.JUnitReportReporter -->
<testsuite hostname="DESKTOP-UJGAVL8" failures="0" tests="3" name="practice.TestNG" time="0.022" errors="0" timestamp="2023-07-06T09:38:21 IST" skipped="0">
  <testcase classname="practice.TestNG" name="test2" time="0.004"/>
  <system-out/>
  <testcase classname="practice.TestNG" name="test1" time="0.013"/>
  <system-out/>
  <testcase classname="practice.TestNG" name="test3" time="0.005"/>
  <system-out/>
</testsuite> <!-- practice.TestNG -->
