<?xml version="1.0" encoding="UTF-8"?>
<!-- Generated by org.testng.reporters.JUnitReportReporter -->
<testsuite hostname="DESKTOP-UJGAVL8" failures="0" tests="1" name="com.Onbuy.com.TestNG.TestScript_Placeorder_Ckeck_test" time="77.534" errors="0" timestamp="2023-07-10T15:29:08 IST" skipped="0">
  <testcase classname="com.Onbuy.com.TestNG.TestScript_Placeorder_Ckeck_test" name="place_order" time="77.534"/>
  <system-out/>
</testsuite> <!-- com.Onbuy.com.TestNG.TestScript_Placeorder_Ckeck_test -->
