<?xml version="1.0" encoding="UTF-8"?>
<!-- Generated by org.testng.reporters.JUnitReportReporter -->
<testsuite hostname="DESKTOP-UJGAVL8" failures="0" tests="1" name="com.Onbuy.com_test_scripts.Test_Script_Placeorder" time="24.363" errors="0" timestamp="2023-07-05T09:34:24 IST" skipped="0">
  <testcase classname="com.Onbuy.com_test_scripts.Test_Script_Placeorder" name="update_bill_add" time="24.363"/>
  <system-out/>
</testsuite> <!-- com.Onbuy.com_test_scripts.Test_Script_Placeorder -->
