<?xml version="1.0" encoding="UTF-8"?>
<!-- Generated by org.testng.reporters.JUnitReportReporter -->
<testsuite hostname="DESKTOP-UJGAVL8" failures="0" tests="1" name="com.Onbuy.com.TestNG.TestScript_Placeorder_test" time="80.598" errors="0" timestamp="2023-07-10T15:29:08 IST" skipped="0">
  <testcase classname="com.Onbuy.com.TestNG.TestScript_Placeorder_test" name="update_bill_add" time="80.598"/>
  <system-out/>
</testsuite> <!-- com.Onbuy.com.TestNG.TestScript_Placeorder_test -->
